#! /usr/bin/vvp
:ivl_version "0.9.7 " "(v0_9_7)";
:vpi_time_precision + 0;
:vpi_module "system";
:vpi_module "v2005_math";
:vpi_module "va_math";
S_0x1dc06b0 .scope module, "simcpu" "simcpu" 2 1;
 .timescale 0 0;
v0x1dfbbf0_0 .var "CK", 0 0;
v0x1dfbf80_0 .net "DA", 15 0, v0x1dfa090_0; 1 drivers
RS_0x7fa622f27108 .resolv tri, L_0x1dfd190, L_0x1dfeb70, C4<zzzzzzzzzzzzzzzz>, C4<zzzzzzzzzzzzzzzz>;
v0x1dfc000_0 .net8 "DD", 15 0, RS_0x7fa622f27108; 2 drivers
v0x1dfc080_0 .var "DDi", 15 0;
v0x1dfc100 .array "DMEM", 127 0, 15 0;
v0x1dfc180_0 .net "IA", 15 0, v0x1dfa4b0_0; 1 drivers
v0x1dfc200_0 .var "ID", 15 0;
v0x1dfc280 .array "IMEM", 127 0, 15 0;
v0x1dfc350_0 .var "RST", 0 0;
v0x1dfc3d0_0 .net "RW", 0 0, v0x1dfa690_0; 1 drivers
v0x1dfc4e0_0 .net *"_s0", 2 0, L_0x1dfe8c0; 1 drivers
v0x1dfc560_0 .net *"_s3", 1 0, C4<00>; 1 drivers
v0x1dfc650_0 .net *"_s4", 2 0, C4<001>; 1 drivers
v0x1dfc6d0_0 .net *"_s6", 0 0, L_0x1dfea30; 1 drivers
v0x1dfc7d0_0 .net *"_s8", 15 0, C4<zzzzzzzzzzzzzzzz>; 0 drivers
E_0x1dc7ce0 .event negedge, v0x1df9720_0;
L_0x1dfe8c0 .concat [ 1 2 0 0], v0x1dfa690_0, C4<00>;
L_0x1dfea30 .cmp/eq 3, L_0x1dfe8c0, C4<001>;
L_0x1dfeb70 .functor MUXZ 16, C4<zzzzzzzzzzzzzzzz>, v0x1dfc080_0, L_0x1dfea30, C4<>;
S_0x1dc6da0 .scope module, "c" "CPU" 2 8, 3 1, S_0x1dc06b0;
 .timescale 0 0;
v0x1dfa550_0 .array/port v0x1dfa550, 0;
v0x1dc6c20_0 .net "BUSA", 15 0, v0x1dfa550_0; 1 drivers
v0x1dfa550_1 .array/port v0x1dfa550, 1;
v0x1df95e0_0 .net "BUSB", 15 0, v0x1dfa550_1; 1 drivers
v0x1df9680_0 .net "BUSC", 15 0, L_0x1dfe780; 1 drivers
v0x1df9720_0 .net "CK", 0 0, v0x1dfbbf0_0; 1 drivers
v0x1df97d0_0 .alias "DA", 15 0, v0x1dfbf80_0;
v0x1df9870_0 .alias "DD", 15 0, v0x1dfc000_0;
v0x1df9950_0 .var "FLAG", 0 0;
v0x1df99f0_0 .var "FUA", 15 0;
v0x1df9ae0_0 .var "FUB", 15 0;
v0x1df9b80_0 .var "FUC", 15 0;
v0x1df9c80_0 .alias "IA", 15 0, v0x1dfc180_0;
v0x1df9d20_0 .net "ID", 15 0, v0x1dfc200_0; 1 drivers
v0x1df9e30_0 .net "IMM", 7 0, L_0x1dfcc60; 1 drivers
v0x1df9ed0_0 .var "INST", 15 0;
v0x1df9ff0_0 .var "LSUA", 15 0;
v0x1dfa090_0 .var "LSUB", 15 0;
v0x1df9f50_0 .var "LSUC", 15 0;
v0x1dfa1e0_0 .net "OPCODE", 3 0, L_0x1dfc870; 1 drivers
v0x1dfa300_0 .net "OPR1", 3 0, L_0x1dfc910; 1 drivers
v0x1dfa380_0 .net "OPR2", 3 0, L_0x1dfca30; 1 drivers
v0x1dfa260_0 .net "OPR3", 3 0, L_0x1dfcad0; 1 drivers
v0x1dfa4b0_0 .var "PC", 15 0;
v0x1dfa400_0 .var "PCC", 15 0;
v0x1dfa5f0_0 .var "PCI", 15 0;
v0x1dfa550 .array "RF", 15 0, 15 0;
v0x1dfa9b0_0 .net "RST", 0 0, v0x1dfc350_0; 1 drivers
v0x1dfa690_0 .var "RW", 0 0;
v0x1dfab10_0 .var "STAGE", 1 0;
v0x1dfaa50_0 .net *"_s18", 1 0, L_0x1dfceb0; 1 drivers
v0x1dfac80_0 .net *"_s21", 0 0, C4<0>; 1 drivers
v0x1dfab90_0 .net *"_s22", 1 0, C4<00>; 1 drivers
v0x1dfae00_0 .net *"_s24", 0 0, L_0x1dfd050; 1 drivers
v0x1dfad00_0 .net *"_s26", 15 0, C4<zzzzzzzzzzzzzzzz>; 0 drivers
v0x1dfaf90_0 .net *"_s33", 0 0, L_0x1dfd3d0; 1 drivers
v0x1dfae80_0 .net *"_s34", 1 0, L_0x1dfd4f0; 1 drivers
v0x1dfb130_0 .net *"_s37", 0 0, C4<0>; 1 drivers
v0x1dfb010_0 .net *"_s38", 1 0, C4<00>; 1 drivers
v0x1dfb0b0_0 .net *"_s40", 0 0, L_0x1dfd640; 1 drivers
v0x1dfb2f0_0 .net *"_s43", 2 0, L_0x1dfd780; 1 drivers
v0x1dfb370_0 .net *"_s44", 3 0, L_0x1dfd820; 1 drivers
v0x1dfb1b0_0 .net *"_s47", 0 0, C4<0>; 1 drivers
v0x1dfb250_0 .net *"_s48", 3 0, C4<0101>; 1 drivers
v0x1dfb550_0 .net *"_s50", 0 0, L_0x1dfda20; 1 drivers
v0x1dfb5d0_0 .net *"_s52", 4 0, L_0x1dfdbe0; 1 drivers
v0x1dfb3f0_0 .net *"_s55", 0 0, C4<0>; 1 drivers
v0x1dfb490_0 .net *"_s56", 4 0, C4<01100>; 1 drivers
v0x1dfb7d0_0 .net *"_s58", 0 0, L_0x1dfdde0; 1 drivers
v0x1dfb850_0 .net *"_s60", 7 0, C4<00000000>; 1 drivers
v0x1dfb650_0 .net *"_s62", 15 0, L_0x1dfdfb0; 1 drivers
v0x1dfb6d0_0 .net *"_s64", 4 0, L_0x1dfe0f0; 1 drivers
v0x1dfba70_0 .net *"_s67", 0 0, C4<0>; 1 drivers
v0x1dfbaf0_0 .net *"_s68", 4 0, C4<01000>; 1 drivers
v0x1dfb8d0_0 .net *"_s70", 0 0, L_0x1dfe270; 1 drivers
v0x1dfb950_0 .net *"_s72", 15 0, C4<zzzzzzzzzzzzzzzz>; 0 drivers
v0x1dfb9f0_0 .net *"_s74", 15 0, L_0x1dfe390; 1 drivers
v0x1dfbd30_0 .net *"_s76", 15 0, L_0x1dfe4e0; 1 drivers
v0x1dfbb70_0 .net *"_s78", 15 0, L_0x1dfe620; 1 drivers
E_0x1dc6cf0 .event posedge, v0x1df9720_0;
L_0x1dfc870 .part v0x1df9ed0_0, 12, 4;
L_0x1dfc910 .part v0x1df9ed0_0, 8, 4;
L_0x1dfca30 .part v0x1df9ed0_0, 4, 4;
L_0x1dfcad0 .part v0x1df9ed0_0, 0, 4;
L_0x1dfcc60 .part v0x1df9ed0_0, 0, 8;
L_0x1dfceb0 .concat [ 1 1 0 0], v0x1dfa690_0, C4<0>;
L_0x1dfd050 .cmp/eq 2, L_0x1dfceb0, C4<00>;
L_0x1dfd190 .functor MUXZ 16, C4<zzzzzzzzzzzzzzzz>, v0x1df9ff0_0, L_0x1dfd050, C4<>;
L_0x1dfd3d0 .part L_0x1dfc870, 3, 1;
L_0x1dfd4f0 .concat [ 1 1 0 0], L_0x1dfd3d0, C4<0>;
L_0x1dfd640 .cmp/eq 2, L_0x1dfd4f0, C4<00>;
L_0x1dfd780 .part L_0x1dfc870, 1, 3;
L_0x1dfd820 .concat [ 3 1 0 0], L_0x1dfd780, C4<0>;
L_0x1dfda20 .cmp/eq 4, L_0x1dfd820, C4<0101>;
L_0x1dfdbe0 .concat [ 4 1 0 0], L_0x1dfc870, C4<0>;
L_0x1dfdde0 .cmp/eq 5, L_0x1dfdbe0, C4<01100>;
L_0x1dfdfb0 .concat [ 8 8 0 0], L_0x1dfcc60, C4<00000000>;
L_0x1dfe0f0 .concat [ 4 1 0 0], L_0x1dfc870, C4<0>;
L_0x1dfe270 .cmp/eq 5, L_0x1dfe0f0, C4<01000>;
L_0x1dfe390 .functor MUXZ 16, C4<zzzzzzzzzzzzzzzz>, v0x1dfa400_0, L_0x1dfe270, C4<>;
L_0x1dfe4e0 .functor MUXZ 16, L_0x1dfe390, L_0x1dfdfb0, L_0x1dfdde0, C4<>;
L_0x1dfe620 .functor MUXZ 16, L_0x1dfe4e0, v0x1df9f50_0, L_0x1dfda20, C4<>;
L_0x1dfe780 .functor MUXZ 16, L_0x1dfe620, v0x1df9b80_0, L_0x1dfd640, C4<>;
    .scope S_0x1dc6da0;
T_0 ;
    %wait E_0x1dc6cf0;
    %load/v 8, v0x1dfa9b0_0, 1;
    %mov 9, 0, 2;
    %cmpi/u 8, 1, 3;
    %jmp/0xz  T_0.0, 4;
    %ix/load 0, 1, 0;
    %assign/v0 v0x1df9950_0, 0, 0;
    %ix/load 0, 2, 0;
    %assign/v0 v0x1dfab10_0, 0, 0;
    %jmp T_0.1;
T_0.0 ;
    %load/v 8, v0x1dfab10_0, 2;
    %mov 10, 0, 1;
    %cmpi/u 8, 0, 3;
    %jmp/0xz  T_0.2, 4;
    %load/v 8, v0x1df9d20_0, 16;
    %ix/load 0, 16, 0;
    %assign/v0 v0x1df9ed0_0, 0, 8;
    %load/v 8, v0x1dfa380_0, 4;
    %mov 12, 0, 12;
    %ix/getv 3, v0x1dfa380_0;
    %jmp/1 t_0, 4;
    %ix/load 0, 16, 0; word width
    %ix/load 1, 0, 0; part off
    %assign/av v0x1dfa550, 0, 8;
t_0 ;
    %load/v 8, v0x1dfa260_0, 4;
    %mov 12, 0, 12;
    %ix/getv 3, v0x1dfa260_0;
    %jmp/1 t_1, 4;
    %ix/load 0, 16, 0; word width
    %ix/load 1, 0, 0; part off
    %assign/av v0x1dfa550, 0, 8;
t_1 ;
    %movi 8, 1, 2;
    %ix/load 0, 2, 0;
    %assign/v0 v0x1dfab10_0, 0, 8;
    %jmp T_0.3;
T_0.2 ;
    %load/v 8, v0x1dfab10_0, 2;
    %mov 10, 0, 1;
    %cmpi/u 8, 1, 3;
    %jmp/0xz  T_0.4, 4;
    %ix/load 1, 3, 0;
    %mov 4, 0, 1;
    %jmp/1 T_0.6, 4;
    %load/x1p 10, v0x1dfa1e0_0, 1;
    %jmp T_0.7;
T_0.6 ;
    %mov 10, 2, 1;
T_0.7 ;
    %mov 8, 10, 1; Move signal select into place
    %mov 9, 0, 1;
    %cmpi/u 8, 0, 2;
    %jmp/0xz  T_0.8, 4;
    %load/v 8, v0x1dc6c20_0, 16;
    %ix/load 0, 16, 0;
    %assign/v0 v0x1df99f0_0, 0, 8;
    %load/v 8, v0x1df95e0_0, 16;
    %ix/load 0, 16, 0;
    %assign/v0 v0x1df9ae0_0, 0, 8;
T_0.8 ;
    %ix/load 1, 1, 0;
    %mov 4, 0, 1;
    %jmp/1 T_0.10, 4;
    %load/x1p 11, v0x1dfa1e0_0, 2;
    %jmp T_0.11;
T_0.10 ;
    %mov 11, 2, 2;
T_0.11 ;
    %mov 8, 11, 2; Move signal select into place
    %mov 10, 0, 1;
    %cmpi/u 8, 1, 3;
    %jmp/0xz  T_0.12, 4;
    %load/v 8, v0x1dc6c20_0, 16;
    %ix/load 0, 16, 0;
    %assign/v0 v0x1df9ff0_0, 0, 8;
    %load/v 8, v0x1df95e0_0, 16;
    %ix/load 0, 16, 0;
    %assign/v0 v0x1dfa090_0, 0, 8;
T_0.12 ;
    %load/v 8, v0x1dfa1e0_0, 4;
    %mov 12, 0, 1;
    %cmpi/u 8, 8, 5;
    %mov 8, 4, 1;
    %load/v 9, v0x1dfa1e0_0, 4;
    %mov 13, 0, 1;
    %cmpi/u 9, 9, 5;
    %mov 9, 4, 1;
    %load/v 10, v0x1df9950_0, 1;
    %mov 11, 0, 2;
    %cmpi/u 10, 1, 3;
    %mov 10, 4, 1;
    %and 9, 10, 1;
    %or 8, 9, 1;
    %jmp/0xz  T_0.14, 8;
    %load/v 8, v0x1df95e0_0, 16;
    %ix/load 0, 16, 0;
    %assign/v0 v0x1dfa5f0_0, 0, 8;
    %jmp T_0.15;
T_0.14 ;
    %ix/load 1, 15, 0;
    %mov 4, 0, 1;
    %jmp/1 T_0.16, 4;
    %load/x1p 24, v0x1df9ed0_0, 1;
    %jmp T_0.17;
T_0.16 ;
    %mov 24, 2, 1;
T_0.17 ;
    %mov 8, 24, 1; Move signal select into place
    %mov 9, 0, 15;
    %ix/load 0, 16, 0;
    %assign/v0 v0x1dfa4b0_0, 0, 8;
    %load/v 8, v0x1dfa4b0_0, 16;
    %mov 24, 0, 16;
    %addi 8, 1, 32;
    %ix/load 0, 16, 0;
    %assign/v0 v0x1dfa5f0_0, 0, 8;
T_0.15 ;
    %movi 8, 2, 2;
    %ix/load 0, 2, 0;
    %assign/v0 v0x1dfab10_0, 0, 8;
    %jmp T_0.5;
T_0.4 ;
    %load/v 8, v0x1dfab10_0, 2;
    %mov 10, 0, 2;
    %cmpi/u 8, 2, 4;
    %jmp/0xz  T_0.18, 4;
    %ix/load 1, 3, 0;
    %mov 4, 0, 1;
    %jmp/1 T_0.20, 4;
    %load/x1p 10, v0x1dfa1e0_0, 1;
    %jmp T_0.21;
T_0.20 ;
    %mov 10, 2, 1;
T_0.21 ;
    %mov 8, 10, 1; Move signal select into place
    %mov 9, 0, 1;
    %cmpi/u 8, 0, 2;
    %jmp/0xz  T_0.22, 4;
    %load/v 8, v0x1dfa1e0_0, 3; Only need 3 of 4 bits
; Save base=8 wid=3 in lookaside.
    %cmpi/u 8, 0, 3;
    %jmp/1 T_0.24, 6;
    %cmpi/u 8, 1, 3;
    %jmp/1 T_0.25, 6;
    %cmpi/u 8, 2, 3;
    %jmp/1 T_0.26, 6;
    %cmpi/u 8, 3, 3;
    %jmp/1 T_0.27, 6;
    %cmpi/u 8, 4, 3;
    %jmp/1 T_0.28, 6;
    %cmpi/u 8, 5, 3;
    %jmp/1 T_0.29, 6;
    %cmpi/u 8, 6, 3;
    %jmp/1 T_0.30, 6;
    %cmpi/u 8, 7, 3;
    %jmp/1 T_0.31, 6;
    %jmp T_0.32;
T_0.24 ;
    %load/v 8, v0x1df99f0_0, 16;
    %load/v 24, v0x1df9ae0_0, 16;
    %add 8, 24, 16;
    %ix/load 0, 16, 0;
    %assign/v0 v0x1df9b80_0, 0, 8;
    %jmp T_0.32;
T_0.25 ;
    %load/v 8, v0x1df99f0_0, 16;
    %load/v 24, v0x1df9ae0_0, 16;
    %sub 8, 24, 16;
    %ix/load 0, 16, 0;
    %assign/v0 v0x1df9b80_0, 0, 8;
    %jmp T_0.32;
T_0.26 ;
    %load/v 8, v0x1df99f0_0, 16;
    %load/v 24, v0x1df9ae0_0, 16;
    %ix/get 0, 24, 16;
    %shiftr/i0  8, 16;
    %ix/load 0, 16, 0;
    %assign/v0 v0x1df9b80_0, 0, 8;
    %jmp T_0.32;
T_0.27 ;
    %load/v 8, v0x1df99f0_0, 16;
    %load/v 24, v0x1df9ae0_0, 16;
    %ix/get 0, 24, 16;
    %shiftl/i0  8, 16;
    %ix/load 0, 16, 0;
    %assign/v0 v0x1df9b80_0, 0, 8;
    %jmp T_0.32;
T_0.28 ;
    %load/v 8, v0x1df99f0_0, 16;
    %load/v 24, v0x1df9ae0_0, 16;
    %or 8, 24, 16;
    %ix/load 0, 16, 0;
    %assign/v0 v0x1df9b80_0, 0, 8;
    %jmp T_0.32;
T_0.29 ;
    %load/v 8, v0x1df99f0_0, 16;
    %load/v 24, v0x1df9ae0_0, 16;
    %and 8, 24, 16;
    %ix/load 0, 16, 0;
    %assign/v0 v0x1df9b80_0, 0, 8;
    %jmp T_0.32;
T_0.30 ;
    %load/v 8, v0x1df99f0_0, 16;
    %inv 8, 16;
    %ix/load 0, 16, 0;
    %assign/v0 v0x1df9b80_0, 0, 8;
    %jmp T_0.32;
T_0.31 ;
    %load/v 8, v0x1df99f0_0, 16;
    %load/v 24, v0x1df9ae0_0, 16;
    %xor 8, 24, 16;
    %ix/load 0, 16, 0;
    %assign/v0 v0x1df9b80_0, 0, 8;
    %jmp T_0.32;
T_0.32 ;
T_0.22 ;
    %ix/load 1, 1, 0;
    %mov 4, 0, 1;
    %jmp/1 T_0.33, 4;
    %load/x1p 12, v0x1dfa1e0_0, 3;
    %jmp T_0.34;
T_0.33 ;
    %mov 12, 2, 3;
T_0.34 ;
    %mov 8, 12, 3; Move signal select into place
    %mov 11, 0, 1;
    %cmpi/u 8, 5, 4;
    %jmp/0xz  T_0.35, 4;
    %load/v 8, v0x1dfa1e0_0, 1; Select 1 out of 4 bits
    %mov 9, 0, 1;
    %cmpi/u 8, 0, 2;
    %jmp/0xz  T_0.37, 4;
    %ix/load 0, 1, 0;
    %assign/v0 v0x1dfa690_0, 0, 0;
    %load/v 8, v0x1df9870_0, 16;
    %ix/load 0, 16, 0;
    %assign/v0 v0x1df9f50_0, 0, 8;
    %jmp T_0.38;
T_0.37 ;
    %ix/load 0, 1, 0;
    %assign/v0 v0x1dfa690_0, 0, 1;
T_0.38 ;
T_0.35 ;
    %load/v 8, v0x1dfa1e0_0, 4;
    %mov 12, 0, 1;
    %cmpi/u 8, 8, 5;
    %jmp/0xz  T_0.39, 4;
    %load/v 8, v0x1dfa4b0_0, 16;
    %mov 24, 0, 16;
    %addi 8, 1, 32;
    %ix/load 0, 16, 0;
    %assign/v0 v0x1dfa400_0, 0, 8;
T_0.39 ;
    %ix/load 0, 2, 0;
    %assign/v0 v0x1dfab10_0, 0, 1;
    %jmp T_0.19;
T_0.18 ;
    %load/v 8, v0x1dfab10_0, 2;
    %mov 10, 0, 2;
    %cmpi/u 8, 3, 4;
    %jmp/0xz  T_0.41, 4;
    %load/v 8, v0x1df9680_0, 16;
    %ix/load 3, 2, 0; address
    %ix/load 0, 16, 0; word width
    %ix/load 1, 0, 0; part off
    %assign/av v0x1dfa550, 0, 8;
t_2 ;
    %load/v 8, v0x1dfa5f0_0, 16;
    %ix/load 0, 16, 0;
    %assign/v0 v0x1dfa4b0_0, 0, 8;
    %ix/load 0, 2, 0;
    %assign/v0 v0x1dfab10_0, 0, 0;
T_0.41 ;
T_0.19 ;
T_0.5 ;
T_0.3 ;
T_0.1 ;
    %jmp T_0;
    .thread T_0;
    .scope S_0x1dc06b0;
T_1 ;
    %set/v v0x1dfbbf0_0, 0, 1;
    %set/v v0x1dfc350_0, 0, 1;
    %delay 5, 0;
    %set/v v0x1dfc350_0, 1, 1;
    %delay 100, 0;
    %set/v v0x1dfc350_0, 0, 1;
    %delay 10000, 0;
    %vpi_call 2 18 "$finish";
    %end;
    .thread T_1;
    .scope S_0x1dc06b0;
T_2 ;
    %wait E_0x1dc7ce0;
    %load/v 8, v0x1dfbf80_0, 16;
    %mov 24, 0, 1;
    %cmpi/u 8, 0, 17;
    %mov 8, 4, 1;
    %load/v 9, v0x1dfc000_0, 16;
    %mov 25, 0, 1;
    %cmpi/u 9, 4, 17;
    %mov 9, 4, 1;
    %and 8, 9, 1;
    %load/v 9, v0x1dfc3d0_0, 1;
    %mov 10, 0, 1;
    %cmpi/u 9, 0, 2;
    %mov 9, 4, 1;
    %and 8, 9, 1;
    %jmp/0xz  T_2.0, 8;
    %vpi_call 2 23 "$display", "OK";
    %vpi_call 2 24 "$finish";
T_2.0 ;
    %jmp T_2;
    .thread T_2;
    .scope S_0x1dc06b0;
T_3 ;
    %wait E_0x1dc7ce0;
    %ix/getv 3, v0x1dfc180_0;
    %load/av 8, v0x1dfc280, 16;
    %set/v v0x1dfc200_0, 8, 16;
    %jmp T_3;
    .thread T_3;
    .scope S_0x1dc06b0;
T_4 ;
    %wait E_0x1dc7ce0;
    %load/v 8, v0x1dfc3d0_0, 1;
    %mov 9, 0, 2;
    %cmpi/u 8, 1, 3;
    %jmp/0xz  T_4.0, 4;
    %ix/getv 3, v0x1dfbf80_0;
    %load/av 8, v0x1dfc100, 16;
    %set/v v0x1dfc080_0, 8, 16;
    %jmp T_4.1;
T_4.0 ;
    %load/v 8, v0x1dfc000_0, 16;
    %ix/getv 3, v0x1dfbf80_0;
   %jmp/1 t_3, 4;
   %ix/load 1, 0, 0;
   %set/av v0x1dfc100, 8, 16;
t_3 ;
T_4.1 ;
    %jmp T_4;
    .thread T_4;
    .scope S_0x1dc06b0;
T_5 ;
    %movi 8, 49152, 16;
   %ix/load 1, 0, 0;
   %ix/load 3, 0, 0;
   %set/av v0x1dfc280, 8, 16;
    %movi 8, 49409, 16;
   %ix/load 1, 0, 0;
   %ix/load 3, 1, 0;
   %set/av v0x1dfc280, 8, 16;
    %movi 8, 49666, 16;
   %ix/load 1, 0, 0;
   %ix/load 3, 2, 0;
   %set/av v0x1dfc280, 8, 16;
    %movi 8, 49923, 16;
   %ix/load 1, 0, 0;
   %ix/load 3, 3, 0;
   %set/av v0x1dfc280, 8, 16;
    %movi 8, 50180, 16;
   %ix/load 1, 0, 0;
   %ix/load 3, 4, 0;
   %set/av v0x1dfc280, 8, 16;
    %movi 8, 1299, 16;
   %ix/load 1, 0, 0;
   %ix/load 3, 5, 0;
   %set/av v0x1dfc280, 8, 16;
    %movi 8, 41040, 16;
   %ix/load 1, 0, 0;
   %ix/load 3, 6, 0;
   %set/av v0x1dfc280, 8, 16;
    %end;
    .thread T_5;
    .scope S_0x1dc06b0;
T_6 ;
    %delay 10, 0;
    %load/v 8, v0x1dfbbf0_0, 1;
    %inv 8, 1;
    %set/v v0x1dfbbf0_0, 8, 1;
    %jmp T_6;
    .thread T_6;
# The file index is used to find the file name in the following table.
:file_names 4;
    "N/A";
    "<interactive>";
    "simcpu2.v";
    "cpu.v";
