#! /usr/bin/vvp
:ivl_version "0.9.7 " "(v0_9_7)";
:vpi_time_precision + 0;
:vpi_module "system";
:vpi_module "v2005_math";
:vpi_module "va_math";
S_0xe3a800 .scope module, "simcpu" "simcpu" 2 1;
 .timescale 0 0;
v0xe769a0_0 .var "CK", 0 0;
v0xe76a40_0 .net "DA", 15 0, v0xe74bf0_0; 1 drivers
RS_0x7fe666f72108 .resolv tri, L_0xe785c0, L_0xe79f70, C4<zzzzzzzzzzzzzzzz>, C4<zzzzzzzzzzzzzzzz>;
v0xe76af0_0 .net8 "DD", 15 0, RS_0x7fe666f72108; 2 drivers
v0xe76e60_0 .var "DDi", 15 0;
v0xe76f10 .array "DMEM", 127 0, 15 0;
v0xe76f90_0 .net "IA", 15 0, L_0xe78200; 1 drivers
v0xe77010_0 .var "ID", 15 0;
v0xe770c0 .array "IMEM", 127 0, 15 0;
v0xe77140_0 .var "RST", 0 0;
v0xe771f0_0 .net "RW", 0 0, v0xe75400_0; 1 drivers
v0xe772a0_0 .net *"_s0", 2 0, L_0xe79d00; 1 drivers
v0xe77320_0 .net *"_s3", 1 0, C4<00>; 1 drivers
v0xe773a0_0 .net *"_s4", 2 0, C4<001>; 1 drivers
v0xe77420_0 .net *"_s6", 0 0, L_0xe79e30; 1 drivers
v0xe77520_0 .net *"_s8", 15 0, C4<zzzzzzzzzzzzzzzz>; 0 drivers
E_0xe41fa0 .event negedge, v0xe74280_0;
L_0xe79d00 .concat [ 1 2 0 0], v0xe75400_0, C4<00>;
L_0xe79e30 .cmp/eq 3, L_0xe79d00, C4<001>;
L_0xe79f70 .functor MUXZ 16, C4<zzzzzzzzzzzzzzzz>, v0xe76e60_0, L_0xe79e30, C4<>;
S_0xe33a60 .scope module, "c" "CPU" 2 8, 3 1, S_0xe3a800;
 .timescale 0 0;
L_0xe74760 .functor BUFZ 16, L_0xe77e30, C4<0000000000000000>, C4<0000000000000000>, C4<0000000000000000>;
L_0xe780a0 .functor BUFZ 16, L_0xe77fa0, C4<0000000000000000>, C4<0000000000000000>, C4<0000000000000000>;
L_0xe78200 .functor BUFZ 16, v0xe75010_0, C4<0000000000000000>, C4<0000000000000000>, C4<0000000000000000>;
v0xe40ee0_0 .net "ABUS", 15 0, L_0xe74760; 1 drivers
v0xe74140_0 .net "BBUS", 15 0, L_0xe780a0; 1 drivers
v0xe741e0_0 .net "CBUS", 15 0, L_0xe79b70; 1 drivers
v0xe74280_0 .net "CK", 0 0, v0xe769a0_0; 1 drivers
v0xe74330_0 .alias "DA", 15 0, v0xe76a40_0;
v0xe743d0_0 .alias "DD", 15 0, v0xe76af0_0;
v0xe744b0_0 .var "FLAG", 0 0;
v0xe74550_0 .var "FUA", 15 0;
v0xe74640_0 .var "FUB", 15 0;
v0xe746e0_0 .var "FUC", 15 0;
v0xe747e0_0 .alias "IA", 15 0, v0xe76f90_0;
v0xe74880_0 .net "ID", 15 0, v0xe77010_0; 1 drivers
v0xe74990_0 .net "IMM", 7 0, L_0xe77d60; 1 drivers
v0xe74a30_0 .var "INST", 15 0;
v0xe74b50_0 .var "LSUA", 15 0;
v0xe74bf0_0 .var "LSUB", 15 0;
v0xe74ab0_0 .var "LSUC", 15 0;
v0xe74d40_0 .net "OPCODE", 3 0, L_0xe779c0; 1 drivers
v0xe74e60_0 .net "OPR1", 3 0, L_0xe77a60; 1 drivers
v0xe74ee0_0 .net "OPR2", 3 0, L_0xe77b50; 1 drivers
v0xe74dc0_0 .net "OPR3", 3 0, L_0xe77c30; 1 drivers
v0xe75010_0 .var "PC", 15 0;
v0xe74f60_0 .var "PCC", 15 0;
v0xe75150_0 .var "PCI", 15 0;
v0xe750b0_0 .net "PCn", 15 0, L_0xe778d0; 1 drivers
v0xe752a0 .array "RF", 14 0, 15 0;
v0xe751d0_0 .net "RST", 0 0, v0xe77140_0; 1 drivers
v0xe75400_0 .var "RW", 0 0;
v0xe75320_0 .var "STAGE", 1 0;
v0xe75570_0 .net *"_s0", 31 0, L_0xe775a0; 1 drivers
v0xe75480_0 .net *"_s20", 15 0, L_0xe77e30; 1 drivers
v0xe756f0_0 .net *"_s24", 15 0, L_0xe77fa0; 1 drivers
v0xe755f0_0 .net *"_s3", 15 0, C4<0000000000000000>; 1 drivers
v0xe75880_0 .net *"_s32", 1 0, L_0xe78300; 1 drivers
v0xe75770_0 .net *"_s35", 0 0, C4<0>; 1 drivers
v0xe75a20_0 .net *"_s36", 1 0, C4<00>; 1 drivers
v0xe75900_0 .net *"_s38", 0 0, L_0xe78480; 1 drivers
v0xe759a0_0 .net *"_s4", 31 0, C4<00000000000000000000000000000001>; 1 drivers
v0xe75be0_0 .net *"_s40", 15 0, C4<zzzzzzzzzzzzzzzz>; 0 drivers
v0xe75c60_0 .net *"_s45", 0 0, L_0xe78700; 1 drivers
v0xe75aa0_0 .net *"_s46", 1 0, L_0xe78870; 1 drivers
v0xe75b40_0 .net *"_s49", 0 0, C4<0>; 1 drivers
v0xe75e40_0 .net *"_s50", 1 0, C4<00>; 1 drivers
v0xe75ec0_0 .net *"_s52", 0 0, L_0xe78a70; 1 drivers
v0xe75ce0_0 .net *"_s55", 2 0, L_0xe78c40; 1 drivers
v0xe75d80_0 .net *"_s56", 3 0, L_0xe78ce0; 1 drivers
v0xe760c0_0 .net *"_s59", 0 0, C4<0>; 1 drivers
v0xe76140_0 .net *"_s6", 31 0, L_0xe77700; 1 drivers
v0xe75f40_0 .net *"_s60", 3 0, C4<0101>; 1 drivers
v0xe75fe0_0 .net *"_s62", 0 0, L_0xe78f00; 1 drivers
v0xe76360_0 .net *"_s64", 4 0, L_0xe79040; 1 drivers
v0xe763e0_0 .net *"_s67", 0 0, C4<0>; 1 drivers
v0xe761c0_0 .net *"_s68", 4 0, C4<01100>; 1 drivers
v0xe76260_0 .net *"_s70", 0 0, L_0xe79220; 1 drivers
v0xe76620_0 .net *"_s72", 7 0, C4<00000000>; 1 drivers
v0xe766a0_0 .net *"_s74", 15 0, L_0xe79300; 1 drivers
v0xe76460_0 .net *"_s76", 4 0, L_0xe79170; 1 drivers
v0xe764e0_0 .net *"_s79", 0 0, C4<0>; 1 drivers
v0xe76580_0 .net *"_s80", 4 0, C4<01000>; 1 drivers
v0xe76900_0 .net *"_s82", 0 0, L_0xe795d0; 1 drivers
v0xe76740_0 .net *"_s84", 15 0, C4<zzzzzzzzzzzzzzzz>; 0 drivers
v0xe767e0_0 .net *"_s86", 15 0, L_0xe79440; 1 drivers
v0xe76880_0 .net *"_s88", 15 0, L_0xe79860; 1 drivers
v0xe76ba0_0 .net *"_s90", 15 0, L_0xe79a30; 1 drivers
E_0xe40fb0 .event posedge, v0xe74280_0;
L_0xe775a0 .concat [ 16 16 0 0], v0xe75010_0, C4<0000000000000000>;
L_0xe77700 .arith/sum 32, L_0xe775a0, C4<00000000000000000000000000000001>;
L_0xe778d0 .part L_0xe77700, 0, 16;
L_0xe779c0 .part v0xe74a30_0, 12, 4;
L_0xe77a60 .part v0xe74a30_0, 8, 4;
L_0xe77b50 .part v0xe74a30_0, 4, 4;
L_0xe77c30 .part v0xe74a30_0, 0, 4;
L_0xe77d60 .part v0xe74a30_0, 0, 8;
L_0xe77e30 .array/port v0xe752a0, L_0xe77b50;
L_0xe77fa0 .array/port v0xe752a0, L_0xe77c30;
L_0xe78300 .concat [ 1 1 0 0], v0xe75400_0, C4<0>;
L_0xe78480 .cmp/eq 2, L_0xe78300, C4<00>;
L_0xe785c0 .functor MUXZ 16, C4<zzzzzzzzzzzzzzzz>, v0xe74b50_0, L_0xe78480, C4<>;
L_0xe78700 .part L_0xe779c0, 3, 1;
L_0xe78870 .concat [ 1 1 0 0], L_0xe78700, C4<0>;
L_0xe78a70 .cmp/eq 2, L_0xe78870, C4<00>;
L_0xe78c40 .part L_0xe779c0, 1, 3;
L_0xe78ce0 .concat [ 3 1 0 0], L_0xe78c40, C4<0>;
L_0xe78f00 .cmp/eq 4, L_0xe78ce0, C4<0101>;
L_0xe79040 .concat [ 4 1 0 0], L_0xe779c0, C4<0>;
L_0xe79220 .cmp/eq 5, L_0xe79040, C4<01100>;
L_0xe79300 .concat [ 8 8 0 0], L_0xe77d60, C4<00000000>;
L_0xe79170 .concat [ 4 1 0 0], L_0xe779c0, C4<0>;
L_0xe795d0 .cmp/eq 5, L_0xe79170, C4<01000>;
L_0xe79440 .functor MUXZ 16, C4<zzzzzzzzzzzzzzzz>, v0xe74f60_0, L_0xe795d0, C4<>;
L_0xe79860 .functor MUXZ 16, L_0xe79440, L_0xe79300, L_0xe79220, C4<>;
L_0xe79a30 .functor MUXZ 16, L_0xe79860, v0xe74ab0_0, L_0xe78f00, C4<>;
L_0xe79b70 .functor MUXZ 16, L_0xe79a30, v0xe746e0_0, L_0xe78a70, C4<>;
    .scope S_0xe33a60;
T_0 ;
    %wait E_0xe40fb0;
    %load/v 8, v0xe751d0_0, 1;
    %mov 9, 0, 2;
    %cmpi/u 8, 1, 3;
    %jmp/0xz  T_0.0, 4;
    %ix/load 0, 16, 0;
    %assign/v0 v0xe75010_0, 0, 0;
    %ix/load 0, 2, 0;
    %assign/v0 v0xe75320_0, 0, 0;
    %ix/load 0, 1, 0;
    %assign/v0 v0xe75400_0, 0, 0;
    %jmp T_0.1;
T_0.0 ;
    %load/v 8, v0xe75320_0, 2;
    %mov 10, 0, 1;
    %cmpi/u 8, 0, 3;
    %jmp/0xz  T_0.2, 4;
    %load/v 8, v0xe74880_0, 16;
    %ix/load 0, 16, 0;
    %assign/v0 v0xe74a30_0, 0, 8;
    %movi 8, 1, 2;
    %ix/load 0, 2, 0;
    %assign/v0 v0xe75320_0, 0, 8;
    %jmp T_0.3;
T_0.2 ;
    %load/v 8, v0xe75320_0, 2;
    %mov 10, 0, 1;
    %cmpi/u 8, 1, 3;
    %jmp/0xz  T_0.4, 4;
    %load/v 8, v0xe74d40_0, 4;
    %mov 12, 0, 1;
    %cmpi/u 8, 8, 5;
    %mov 8, 4, 1;
    %load/v 9, v0xe74d40_0, 4;
    %mov 13, 0, 1;
    %cmpi/u 9, 9, 5;
    %mov 9, 4, 1;
    %load/v 10, v0xe744b0_0, 1;
    %mov 11, 0, 2;
    %cmpi/u 10, 1, 3;
    %mov 10, 4, 1;
    %and 9, 10, 1;
    %or 8, 9, 1;
    %jmp/0xz  T_0.6, 8;
    %load/v 8, v0xe74140_0, 16;
    %ix/load 0, 16, 0;
    %assign/v0 v0xe75150_0, 0, 8;
    %jmp T_0.7;
T_0.6 ;
    %load/v 8, v0xe750b0_0, 16;
    %ix/load 0, 16, 0;
    %assign/v0 v0xe75150_0, 0, 8;
T_0.7 ;
    %ix/load 1, 3, 0;
    %mov 4, 0, 1;
    %jmp/1 T_0.8, 4;
    %load/x1p 10, v0xe74d40_0, 1;
    %jmp T_0.9;
T_0.8 ;
    %mov 10, 2, 1;
T_0.9 ;
    %mov 8, 10, 1; Move signal select into place
    %mov 9, 0, 1;
    %cmpi/u 8, 0, 2;
    %jmp/0xz  T_0.10, 4;
    %load/v 8, v0xe40ee0_0, 16;
    %ix/load 0, 16, 0;
    %assign/v0 v0xe74550_0, 0, 8;
    %load/v 8, v0xe74140_0, 16;
    %ix/load 0, 16, 0;
    %assign/v0 v0xe74640_0, 0, 8;
    %jmp T_0.11;
T_0.10 ;
    %ix/load 1, 1, 0;
    %mov 4, 0, 1;
    %jmp/1 T_0.12, 4;
    %load/x1p 11, v0xe74d40_0, 2;
    %jmp T_0.13;
T_0.12 ;
    %mov 11, 2, 2;
T_0.13 ;
    %mov 8, 11, 2; Move signal select into place
    %mov 10, 0, 1;
    %cmpi/u 8, 1, 3;
    %jmp/0xz  T_0.14, 4;
    %load/v 8, v0xe40ee0_0, 16;
    %ix/load 0, 16, 0;
    %assign/v0 v0xe74b50_0, 0, 8;
    %load/v 8, v0xe74140_0, 16;
    %ix/load 0, 16, 0;
    %assign/v0 v0xe74bf0_0, 0, 8;
T_0.14 ;
T_0.11 ;
    %movi 8, 2, 2;
    %ix/load 0, 2, 0;
    %assign/v0 v0xe75320_0, 0, 8;
    %jmp T_0.5;
T_0.4 ;
    %load/v 8, v0xe75320_0, 2;
    %mov 10, 0, 2;
    %cmpi/u 8, 2, 4;
    %jmp/0xz  T_0.16, 4;
    %ix/load 1, 3, 0;
    %mov 4, 0, 1;
    %jmp/1 T_0.18, 4;
    %load/x1p 10, v0xe74d40_0, 1;
    %jmp T_0.19;
T_0.18 ;
    %mov 10, 2, 1;
T_0.19 ;
    %mov 8, 10, 1; Move signal select into place
    %mov 9, 0, 1;
    %cmpi/u 8, 0, 2;
    %jmp/0xz  T_0.20, 4;
    %load/v 8, v0xe74d40_0, 3; Only need 3 of 4 bits
; Save base=8 wid=3 in lookaside.
    %cmpi/u 8, 0, 3;
    %jmp/1 T_0.22, 6;
    %cmpi/u 8, 1, 3;
    %jmp/1 T_0.23, 6;
    %cmpi/u 8, 2, 3;
    %jmp/1 T_0.24, 6;
    %cmpi/u 8, 3, 3;
    %jmp/1 T_0.25, 6;
    %cmpi/u 8, 4, 3;
    %jmp/1 T_0.26, 6;
    %cmpi/u 8, 5, 3;
    %jmp/1 T_0.27, 6;
    %cmpi/u 8, 6, 3;
    %jmp/1 T_0.28, 6;
    %cmpi/u 8, 7, 3;
    %jmp/1 T_0.29, 6;
    %jmp T_0.30;
T_0.22 ;
    %load/v 8, v0xe74550_0, 16;
    %load/v 24, v0xe74640_0, 16;
    %add 8, 24, 16;
    %ix/load 0, 16, 0;
    %assign/v0 v0xe746e0_0, 0, 8;
    %jmp T_0.30;
T_0.23 ;
    %load/v 8, v0xe74550_0, 16;
    %load/v 24, v0xe74640_0, 16;
    %sub 8, 24, 16;
    %ix/load 0, 16, 0;
    %assign/v0 v0xe746e0_0, 0, 8;
    %jmp T_0.30;
T_0.24 ;
    %load/v 8, v0xe74550_0, 16;
    %load/v 24, v0xe74640_0, 16;
    %ix/get 0, 24, 16;
    %shiftr/i0  8, 16;
    %ix/load 0, 16, 0;
    %assign/v0 v0xe746e0_0, 0, 8;
    %jmp T_0.30;
T_0.25 ;
    %load/v 8, v0xe74550_0, 16;
    %load/v 24, v0xe74640_0, 16;
    %ix/get 0, 24, 16;
    %shiftl/i0  8, 16;
    %ix/load 0, 16, 0;
    %assign/v0 v0xe746e0_0, 0, 8;
    %jmp T_0.30;
T_0.26 ;
    %load/v 8, v0xe74550_0, 16;
    %load/v 24, v0xe74640_0, 16;
    %or 8, 24, 16;
    %ix/load 0, 16, 0;
    %assign/v0 v0xe746e0_0, 0, 8;
    %jmp T_0.30;
T_0.27 ;
    %load/v 8, v0xe74550_0, 16;
    %load/v 24, v0xe74640_0, 16;
    %and 8, 24, 16;
    %ix/load 0, 16, 0;
    %assign/v0 v0xe746e0_0, 0, 8;
    %jmp T_0.30;
T_0.28 ;
    %load/v 8, v0xe74550_0, 16;
    %inv 8, 16;
    %ix/load 0, 16, 0;
    %assign/v0 v0xe746e0_0, 0, 8;
    %jmp T_0.30;
T_0.29 ;
    %load/v 8, v0xe74550_0, 16;
    %load/v 24, v0xe74640_0, 16;
    %xor 8, 24, 16;
    %ix/load 0, 16, 0;
    %assign/v0 v0xe746e0_0, 0, 8;
    %jmp T_0.30;
T_0.30 ;
    %jmp T_0.21;
T_0.20 ;
    %ix/load 1, 1, 0;
    %mov 4, 0, 1;
    %jmp/1 T_0.31, 4;
    %load/x1p 12, v0xe74d40_0, 3;
    %jmp T_0.32;
T_0.31 ;
    %mov 12, 2, 3;
T_0.32 ;
    %mov 8, 12, 3; Move signal select into place
    %mov 11, 0, 1;
    %cmpi/u 8, 5, 4;
    %jmp/0xz  T_0.33, 4;
    %load/v 8, v0xe74d40_0, 1; Select 1 out of 4 bits
    %mov 9, 0, 1;
    %cmpi/u 8, 0, 2;
    %jmp/0xz  T_0.35, 4;
    %ix/load 0, 1, 0;
    %assign/v0 v0xe75400_0, 0, 0;
    %jmp T_0.36;
T_0.35 ;
    %ix/load 0, 1, 0;
    %assign/v0 v0xe75400_0, 0, 1;
    %load/v 8, v0xe743d0_0, 16;
    %ix/load 0, 16, 0;
    %assign/v0 v0xe74ab0_0, 0, 8;
T_0.36 ;
    %jmp T_0.34;
T_0.33 ;
    %load/v 8, v0xe74d40_0, 4;
    %mov 12, 0, 1;
    %cmpi/u 8, 8, 5;
    %jmp/0xz  T_0.37, 4;
    %load/v 8, v0xe750b0_0, 16;
    %ix/load 0, 16, 0;
    %assign/v0 v0xe74f60_0, 0, 8;
    %jmp T_0.38;
T_0.37 ;
    %load/v 8, v0xe74d40_0, 4;
    %mov 12, 0, 1;
    %cmpi/u 8, 9, 5;
    %jmp/0xz  T_0.39, 4;
    %load/v 8, v0xe744b0_0, 1;
    %jmp/0xz  T_0.41, 8;
    %load/v 8, v0xe74640_0, 16;
    %ix/load 0, 16, 0;
    %assign/v0 v0xe75010_0, 0, 8;
T_0.41 ;
T_0.39 ;
T_0.38 ;
T_0.34 ;
T_0.21 ;
    %ix/load 0, 2, 0;
    %assign/v0 v0xe75320_0, 0, 1;
    %jmp T_0.17;
T_0.16 ;
    %load/v 8, v0xe75320_0, 2;
    %mov 10, 0, 2;
    %cmpi/u 8, 3, 4;
    %jmp/0xz  T_0.43, 4;
    %ix/load 1, 3, 0;
    %mov 4, 0, 1;
    %jmp/1 T_0.45, 4;
    %load/x1p 10, v0xe74d40_0, 1;
    %jmp T_0.46;
T_0.45 ;
    %mov 10, 2, 1;
T_0.46 ;
    %mov 8, 10, 1; Move signal select into place
    %mov 9, 0, 1;
    %cmpi/u 8, 0, 2;
    %jmp/0xz  T_0.47, 4;
    %load/v 8, v0xe741e0_0, 16;
    %mov 24, 0, 1;
    %cmpi/u 8, 0, 17;
    %jmp/0xz  T_0.49, 4;
    %ix/load 0, 1, 0;
    %assign/v0 v0xe744b0_0, 0, 1;
    %jmp T_0.50;
T_0.49 ;
    %ix/load 0, 1, 0;
    %assign/v0 v0xe744b0_0, 0, 0;
T_0.50 ;
T_0.47 ;
    %load/v 8, v0xe741e0_0, 16;
    %ix/getv 3, v0xe74e60_0;
    %jmp/1 t_0, 4;
    %ix/load 0, 16, 0; word width
    %ix/load 1, 0, 0; part off
    %assign/av v0xe752a0, 0, 8;
t_0 ;
    %load/v 8, v0xe75150_0, 16;
    %ix/load 0, 16, 0;
    %assign/v0 v0xe75010_0, 0, 8;
    %ix/load 0, 2, 0;
    %assign/v0 v0xe75320_0, 0, 0;
T_0.43 ;
T_0.17 ;
T_0.5 ;
T_0.3 ;
T_0.1 ;
    %jmp T_0;
    .thread T_0;
    .scope S_0xe3a800;
T_1 ;
    %set/v v0xe769a0_0, 0, 1;
    %set/v v0xe77140_0, 0, 1;
    %delay 5, 0;
    %set/v v0xe77140_0, 1, 1;
    %delay 100, 0;
    %set/v v0xe77140_0, 0, 1;
    %delay 10000, 0;
    %vpi_call 2 18 "$finish";
    %end;
    .thread T_1;
    .scope S_0xe3a800;
T_2 ;
    %wait E_0xe41fa0;
    %load/v 8, v0xe76a40_0, 16;
    %mov 24, 0, 1;
    %cmpi/u 8, 0, 17;
    %mov 8, 4, 1;
    %load/v 9, v0xe76af0_0, 16;
    %mov 25, 0, 1;
    %cmpi/u 9, 4, 17;
    %mov 9, 4, 1;
    %and 8, 9, 1;
    %load/v 9, v0xe771f0_0, 1;
    %mov 10, 0, 1;
    %cmpi/u 9, 0, 2;
    %mov 9, 4, 1;
    %and 8, 9, 1;
    %jmp/0xz  T_2.0, 8;
    %vpi_call 2 23 "$display", "OK";
    %vpi_call 2 24 "$finish";
T_2.0 ;
    %jmp T_2;
    .thread T_2;
    .scope S_0xe3a800;
T_3 ;
    %wait E_0xe41fa0;
    %ix/getv 3, v0xe76f90_0;
    %load/av 8, v0xe770c0, 16;
    %set/v v0xe77010_0, 8, 16;
    %jmp T_3;
    .thread T_3;
    .scope S_0xe3a800;
T_4 ;
    %wait E_0xe41fa0;
    %load/v 8, v0xe771f0_0, 1;
    %mov 9, 0, 2;
    %cmpi/u 8, 1, 3;
    %jmp/0xz  T_4.0, 4;
    %ix/getv 3, v0xe76a40_0;
    %load/av 8, v0xe76f10, 16;
    %set/v v0xe76e60_0, 8, 16;
    %jmp T_4.1;
T_4.0 ;
    %load/v 8, v0xe76af0_0, 16;
    %ix/getv 3, v0xe76a40_0;
   %jmp/1 t_1, 4;
   %ix/load 1, 0, 0;
   %set/av v0xe76f10, 8, 16;
t_1 ;
T_4.1 ;
    %jmp T_4;
    .thread T_4;
    .scope S_0xe3a800;
T_5 ;
    %movi 8, 49152, 16;
   %ix/load 1, 0, 0;
   %ix/load 3, 0, 0;
   %set/av v0xe770c0, 8, 16;
    %movi 8, 49409, 16;
   %ix/load 1, 0, 0;
   %ix/load 3, 1, 0;
   %set/av v0xe770c0, 8, 16;
    %movi 8, 49666, 16;
   %ix/load 1, 0, 0;
   %ix/load 3, 2, 0;
   %set/av v0xe770c0, 8, 16;
    %movi 8, 49923, 16;
   %ix/load 1, 0, 0;
   %ix/load 3, 3, 0;
   %set/av v0xe770c0, 8, 16;
    %movi 8, 50180, 16;
   %ix/load 1, 0, 0;
   %ix/load 3, 4, 0;
   %set/av v0xe770c0, 8, 16;
    %movi 8, 1299, 16;
   %ix/load 1, 0, 0;
   %ix/load 3, 5, 0;
   %set/av v0xe770c0, 8, 16;
    %movi 8, 41040, 16;
   %ix/load 1, 0, 0;
   %ix/load 3, 6, 0;
   %set/av v0xe770c0, 8, 16;
    %movi 8, 45575, 16;
   %ix/load 1, 0, 0;
   %ix/load 3, 7, 0;
   %set/av v0xe770c0, 8, 16;
    %end;
    .thread T_5;
    .scope S_0xe3a800;
T_6 ;
    %delay 10, 0;
    %load/v 8, v0xe769a0_0, 1;
    %inv 8, 1;
    %set/v v0xe769a0_0, 8, 1;
    %jmp T_6;
    .thread T_6;
# The file index is used to find the file name in the following table.
:file_names 4;
    "N/A";
    "<interactive>";
    "simcpu4.v";
    "cpu4.v";
