#! /usr/bin/vvp
:ivl_version "0.9.7 " "(v0_9_7)";
:vpi_time_precision + 0;
:vpi_module "system";
:vpi_module "v2005_math";
:vpi_module "va_math";
S_0x201c400 .scope module, "top" "top" 2 1;
 .timescale 0 0;
v0x202d320_0 .var "ck", 0 0;
v0x202d3f0_0 .var "in", 3 0;
v0x202d4a0_0 .net "s", 3 0, v0x202d270_0; 1 drivers
E_0x201c4f0 .event negedge, v0x202d130_0;
S_0x1ff8890 .scope module, "sbox" "sbox" 2 6, 3 1, S_0x201c400;
 .timescale 0 0;
v0x1ff89b0_0 .var "IN", 3 0;
v0x202d130_0 .net "ck", 0 0, v0x202d320_0; 1 drivers
v0x202d1d0_0 .net "in", 3 0, v0x202d3f0_0; 1 drivers
v0x202d270_0 .var "s", 3 0;
E_0x1ff8980 .event posedge, v0x202d130_0;
    .scope S_0x1ff8890;
T_0 ;
    %wait E_0x1ff8980;
    %load/v 8, v0x1ff89b0_0, 4;
    %cmpi/u 8, 0, 4;
    %jmp/1 T_0.0, 6;
    %cmpi/u 8, 1, 4;
    %jmp/1 T_0.1, 6;
    %cmpi/u 8, 2, 4;
    %jmp/1 T_0.2, 6;
    %cmpi/u 8, 3, 4;
    %jmp/1 T_0.3, 6;
    %cmpi/u 8, 4, 4;
    %jmp/1 T_0.4, 6;
    %cmpi/u 8, 5, 4;
    %jmp/1 T_0.5, 6;
    %cmpi/u 8, 6, 4;
    %jmp/1 T_0.6, 6;
    %cmpi/u 8, 7, 4;
    %jmp/1 T_0.7, 6;
    %cmpi/u 8, 8, 4;
    %jmp/1 T_0.8, 6;
    %cmpi/u 8, 9, 4;
    %jmp/1 T_0.9, 6;
    %cmpi/u 8, 10, 4;
    %jmp/1 T_0.10, 6;
    %cmpi/u 8, 11, 4;
    %jmp/1 T_0.11, 6;
    %cmpi/u 8, 12, 4;
    %jmp/1 T_0.12, 6;
    %cmpi/u 8, 13, 4;
    %jmp/1 T_0.13, 6;
    %cmpi/u 8, 14, 4;
    %jmp/1 T_0.14, 6;
    %cmpi/u 8, 15, 4;
    %jmp/1 T_0.15, 6;
    %jmp T_0.16;
T_0.0 ;
    %movi 8, 14, 4;
    %ix/load 0, 4, 0;
    %assign/v0 v0x202d270_0, 0, 8;
    %jmp T_0.16;
T_0.1 ;
    %movi 8, 4, 4;
    %ix/load 0, 4, 0;
    %assign/v0 v0x202d270_0, 0, 8;
    %jmp T_0.16;
T_0.2 ;
    %movi 8, 13, 4;
    %ix/load 0, 4, 0;
    %assign/v0 v0x202d270_0, 0, 8;
    %jmp T_0.16;
T_0.3 ;
    %movi 8, 1, 4;
    %ix/load 0, 4, 0;
    %assign/v0 v0x202d270_0, 0, 8;
    %jmp T_0.16;
T_0.4 ;
    %ix/load 0, 4, 0;
    %assign/v0 v0x202d270_0, 0, 0;
    %jmp T_0.16;
T_0.5 ;
    %ix/load 0, 4, 0;
    %assign/v0 v0x202d270_0, 0, 1;
    %jmp T_0.16;
T_0.6 ;
    %movi 8, 7, 4;
    %ix/load 0, 4, 0;
    %assign/v0 v0x202d270_0, 0, 8;
    %jmp T_0.16;
T_0.7 ;
    %movi 8, 4, 4;
    %ix/load 0, 4, 0;
    %assign/v0 v0x202d270_0, 0, 8;
    %jmp T_0.16;
T_0.8 ;
    %movi 8, 4, 4;
    %ix/load 0, 4, 0;
    %assign/v0 v0x202d270_0, 0, 8;
    %jmp T_0.16;
T_0.9 ;
    %movi 8, 1, 4;
    %ix/load 0, 4, 0;
    %assign/v0 v0x202d270_0, 0, 8;
    %jmp T_0.16;
T_0.10 ;
    %movi 8, 14, 4;
    %ix/load 0, 4, 0;
    %assign/v0 v0x202d270_0, 0, 8;
    %jmp T_0.16;
T_0.11 ;
    %movi 8, 8, 4;
    %ix/load 0, 4, 0;
    %assign/v0 v0x202d270_0, 0, 8;
    %jmp T_0.16;
T_0.12 ;
    %ix/load 0, 4, 0;
    %assign/v0 v0x202d270_0, 0, 1;
    %jmp T_0.16;
T_0.13 ;
    %movi 8, 12, 4;
    %ix/load 0, 4, 0;
    %assign/v0 v0x202d270_0, 0, 8;
    %jmp T_0.16;
T_0.14 ;
    %movi 8, 8, 4;
    %ix/load 0, 4, 0;
    %assign/v0 v0x202d270_0, 0, 8;
    %jmp T_0.16;
T_0.15 ;
    %movi 8, 2, 4;
    %ix/load 0, 4, 0;
    %assign/v0 v0x202d270_0, 0, 8;
    %jmp T_0.16;
T_0.16 ;
    %jmp T_0;
    .thread T_0;
    .scope S_0x201c400;
T_1 ;
    %set/v v0x202d320_0, 0, 1;
    %vpi_call 2 9 "$dumpfile", "sbox.vcd";
    %vpi_call 2 10 "$dumpvars";
    %delay 1000, 0;
    %vpi_call 2 11 "$finish";
    %end;
    .thread T_1;
    .scope S_0x201c400;
T_2 ;
    %delay 10, 0;
    %load/v 8, v0x202d320_0, 1;
    %inv 8, 1;
    %ix/load 0, 1, 0;
    %assign/v0 v0x202d320_0, 0, 8;
    %jmp T_2;
    .thread T_2;
    .scope S_0x201c400;
T_3 ;
    %wait E_0x201c4f0;
    %vpi_func 2 16 "$random", 8, 32;
    %set/v v0x202d3f0_0, 8, 4;
    %jmp T_3;
    .thread T_3;
# The file index is used to find the file name in the following table.
:file_names 4;
    "N/A";
    "<interactive>";
    "simsbox.v";
    "sbox.v";
